{"ts":"2026-06-22T14:20:00.111Z","event":"session_start","unity":"6000.3.10f1"}
{"ts":"2026-06-22T14:20:00.111Z","tool":"get_tool_states","type":"resource","status":"SUCCESS","ms":6,"params":{}}
{"ts":"2026-06-22T14:20:05.742Z","tool":"get_editor_state","type":"resource","status":"SUCCESS","ms":0,"params":{}}
{"ts":"2026-06-22T14:20:05.749Z","tool":"get_project_info","type":"resource","status":"SUCCESS","ms":1,"params":{}}
{"ts":"2026-06-22T14:20:05.852Z","tool":"get_tool_states","type":"resource","status":"SUCCESS","ms":3,"params":{}}
{"ts":"2026-06-22T14:20:05.871Z","tool":"manage_scene","type":"tool","status":"SUCCESS","ms":7,"action":"get_active","params":{"action":"get_active"}}
{"ts":"2026-06-22T14:20:06.806Z","tool":"read_console","type":"tool","status":"SUCCESS","ms":7,"action":"get","params":{"action":"get","types":["error"],"count":20,"format":"plain","includeStacktrace":false}}
{"ts":"2026-06-22T15:37:10.925Z","event":"session_start","unity":"6000.3.10f1"}
{"ts":"2026-06-22T15:37:10.923Z","tool":"execute_code","type":"tool","status":"SUCCESS","ms":2510,"action":"execute","params":{"action":"execute","code":"var nbt = UnityEditor.Build.NamedBuildTarget.Android;\nstring defines = UnityEditor.PlayerSettings.GetScriptingDefineSymbols(nbt);\nvar list = new System.Collections.Generic.List<string>(defines.Split(new[]{';'}, System.StringSplitOptions.RemoveEmptyEntries));\nif (list.Contains(\"PHOTON_FUSION\")) { return \"ALREADY_PRESENT: \" + defines; }\nlist.Add(\"PHOTON_FUSION\");\nstring updated = string.Join(\";\", list);\nUnityEditor.PlayerSettings.SetScriptingDefineSymbols(nbt, updated);\nUnityEditor.AssetDatabase.SaveAssets();\nreturn \"SET (Android): \" + updated;","safety_checks":true,"compiler":"auto"}}
{"ts":"2026-06-22T15:37:11.577Z","tool":"get_tool_states","type":"resource","status":"SUCCESS","ms":6,"params":{}}
{"ts":"2026-06-22T15:38:03.266Z","event":"session_start","unity":"6000.3.10f1"}
{"ts":"2026-06-22T15:38:03.261Z","tool":"get_editor_state","type":"resource","status":"SUCCESS","ms":4,"params":{}}
{"ts":"2026-06-22T15:38:03.273Z","tool":"get_editor_state","type":"resource","status":"SUCCESS","ms":0,"params":{}}
{"ts":"2026-06-22T15:38:03.436Z","tool":"get_project_info","type":"resource","status":"SUCCESS","ms":1,"params":{}}
{"ts":"2026-06-22T15:38:03.476Z","tool":"get_tool_states","type":"resource","status":"SUCCESS","ms":6,"params":{}}
{"ts":"2026-06-22T15:38:03.621Z","tool":"get_tool_states","type":"resource","status":"SUCCESS","ms":6,"params":{}}
{"ts":"2026-06-22T15:38:50.609Z","tool":"refresh_unity","type":"tool","status":"SUCCESS","ms":62,"params":{"mode":"force","scope":"all","compile":"request","wait_for_ready":true}}
{"ts":"2026-06-22T15:38:50.663Z","tool":"get_editor_state","type":"resource","status":"SUCCESS","ms":0,"params":{}}
{"ts":"2026-06-22T15:38:50.676Z","tool":"get_tool_states","type":"resource","status":"SUCCESS","ms":3,"params":{}}
{"ts":"2026-06-22T15:38:51.398Z","tool":"get_project_info","type":"resource","status":"SUCCESS","ms":0,"params":{}}
{"ts":"2026-06-22T15:38:59.211Z","event":"session_start","unity":"6000.3.10f1"}
{"ts":"2026-06-22T15:38:59.205Z","tool":"get_editor_state","type":"resource","status":"SUCCESS","ms":3,"params":{}}
{"ts":"2026-06-22T15:39:00.801Z","tool":"get_tool_states","type":"resource","status":"SUCCESS","ms":9,"params":{}}
{"ts":"2026-06-22T15:39:00.803Z","tool":"get_project_info","type":"resource","status":"SUCCESS","ms":1,"params":{}}
{"ts":"2026-06-22T15:39:00.813Z","tool":"get_tool_states","type":"resource","status":"SUCCESS","ms":3,"params":{}}
{"ts":"2026-06-22T15:39:00.961Z","tool":"get_project_info","type":"resource","status":"SUCCESS","ms":0,"params":{}}
{"ts":"2026-06-22T15:39:08.518Z","tool":"get_editor_state","type":"resource","status":"SUCCESS","ms":0,"params":{}}
{"ts":"2026-06-22T15:39:08.623Z","tool":"get_project_info","type":"resource","status":"SUCCESS","ms":0,"params":{}}
{"ts":"2026-06-22T15:39:08.632Z","tool":"get_tool_states","type":"resource","status":"SUCCESS","ms":3,"params":{}}
{"ts":"2026-06-22T15:39:16.822Z","tool":"read_console","type":"tool","status":"SUCCESS","ms":8,"action":"get","params":{"action":"get","types":["error"],"count":30,"format":"plain","includeStacktrace":false}}
{"ts":"2026-06-22T15:39:16.931Z","tool":"get_tool_states","type":"resource","status":"SUCCESS","ms":3,"params":{}}
{"ts":"2026-06-22T15:39:40.123Z","tool":"execute_code","type":"tool","status":"SUCCESS","ms":1246,"action":"execute","params":{"action":"execute","code":"var asm = typeof(BillGameCore.Bill).Assembly;\nvar net = asm.GetType(\"BillGameCore.FusionNet\");\nvar adapter = asm.GetType(\"BillGameCore.FusionNetworkAdapter\");\nvar args = asm.GetType(\"BillGameCore.FusionConnectArgs\");\nbool implementsCallbacks = net != null && typeof(Fusion.INetworkRunnerCallbacks).IsAssignableFrom(net);\nint publicMethods = net != null ? net.GetMethods(System.Reflection.BindingFlags.Public | System.Reflection.BindingFlags.Instance | System.Reflection.BindingFlags.Static | System.Reflection.BindingFlags.DeclaredOnly).Length : -1;\nreturn $\"FusionNet={net!=null}, Adapter={adapter!=null}, ConnectArgs={args!=null}, implementsINetworkRunnerCallbacks={implementsCallbacks}, FusionNet declaredPublicMethods={publicMethods}\";","safety_checks":true,"compiler":"auto"}}
{"ts":"2026-06-22T15:39:40.238Z","tool":"get_tool_states","type":"resource","status":"SUCCESS","ms":3,"params":{}}
{"ts":"2026-06-22T15:40:16.297Z","tool":"get_editor_state","type":"resource","status":"SUCCESS","ms":0,"params":{}}
{"ts":"2026-06-22T15:40:16.403Z","tool":"get_project_info","type":"resource","status":"SUCCESS","ms":0,"params":{}}
{"ts":"2026-06-22T15:40:16.412Z","tool":"get_tool_states","type":"resource","status":"SUCCESS","ms":3,"params":{}}
{"ts":"2026-06-22T15:40:16.564Z","tool":"refresh_unity","type":"tool","status":"SUCCESS","ms":55,"params":{"mode":"if_dirty","scope":"all","compile":"request","wait_for_ready":true}}
{"ts":"2026-06-22T15:40:17.256Z","tool":"get_editor_state","type":"resource","status":"SUCCESS","ms":0,"params":{}}
{"ts":"2026-06-22T15:40:24.545Z","event":"session_start","unity":"6000.3.10f1"}
{"ts":"2026-06-22T15:40:24.538Z","tool":"get_project_info","type":"resource","status":"SUCCESS","ms":1,"params":{}}
{"ts":"2026-06-22T15:40:26.052Z","tool":"get_project_info","type":"resource","status":"SUCCESS","ms":0,"params":{}}
{"ts":"2026-06-22T15:40:26.053Z","tool":"get_project_info","type":"resource","status":"SUCCESS","ms":0,"params":{}}
{"ts":"2026-06-22T15:40:26.222Z","tool":"get_tool_states","type":"resource","status":"SUCCESS","ms":7,"params":{}}
{"ts":"2026-06-22T15:40:26.435Z","tool":"get_editor_state","type":"resource","status":"SUCCESS","ms":3,"params":{}}
{"ts":"2026-06-22T15:40:26.531Z","tool":"get_project_info","type":"resource","status":"SUCCESS","ms":0,"params":{}}
{"ts":"2026-06-22T15:40:27.355Z","tool":"manage_scene","type":"tool","status":"SUCCESS","ms":818,"action":"create","params":{"action":"create","name":"02_Arena","path":"Assets/_Game/Scenes"}}
{"ts":"2026-06-22T15:40:38.216Z","tool":"execute_code","type":"tool","status":"SUCCESS","ms":1289,"action":"execute","params":{"action":"execute","code":"string[] paths = {\n  \"Assets/_Game/Scenes/00_Bootstrap.unity\",\n  \"Assets/_Game/Scenes/01_TOSSZONE_Main.unity\",\n  \"Assets/_Game/Scenes/02_Arena.unity\",\n};\nvar scenes = new UnityEditor.EditorBuildSettingsScene[paths.Length];\nfor (int i = 0; i < paths.Length; i++) {\n  if (UnityEditor.AssetDatabase.LoadAssetAtPath<UnityEngine.Object>(paths[i]) == null)\n    return \"MISSING SCENE: \" + paths[i];\n  scenes[i] = new UnityEditor.EditorBuildSettingsScene(paths[i], true);\n}\nUnityEditor.EditorBuildSettings.scenes = scenes;\nvar sb = new System.Text.StringBuilder();\nvar list = UnityEditor.EditorBuildSettings.scenes;\nfor (int i = 0; i < list.Length; i++) sb.Append(i).Append('=').Append(System.IO.Path.GetFileNameWithoutExtension(list[i].path)).Append(list[i].enabled?\"(on)\":\"(off)\").Append(\"  \");\nreturn sb.ToString();","safety_checks":true,"compiler":"auto"}}
{"ts":"2026-06-22T15:40:38.232Z","tool":"get_tool_states","type":"resource","status":"SUCCESS","ms":4,"params":{}}
{"ts":"2026-06-22T15:40:51.229Z","tool":"execute_code","type":"tool","status":"SUCCESS","ms":393,"action":"execute","params":{"action":"execute","code":"var cfg = UnityEditor.AssetDatabase.LoadAssetAtPath<BillGameCore.BillBootstrapConfig>(\"Assets/Resources/BillBootstrapConfig.asset\");\nif (cfg == null) return \"CONFIG NOT FOUND\";\ncfg.defaultNetworkMode = BillGameCore.NetworkMode.FusionShared;\ncfg.defaultGameScene = \"01_TOSSZONE_Main\";\nUnityEditor.EditorUtility.SetDirty(cfg);\nUnityEditor.AssetDatabase.SaveAssets();\nreturn $\"defaultNetworkMode={cfg.defaultNetworkMode}, defaultGameScene='{cfg.defaultGameScene}', enforceBootstrapScene={cfg.enforceBootstrapScene}\";","safety_checks":true,"compiler":"auto"}}
{"ts":"2026-06-22T15:40:51.267Z","tool":"get_tool_states","type":"resource","status":"SUCCESS","ms":3,"params":{}}
{"ts":"2026-06-22T15:41:34.616Z","tool":"get_editor_state","type":"resource","status":"SUCCESS","ms":0,"params":{}}
{"ts":"2026-06-22T15:41:34.722Z","tool":"get_project_info","type":"resource","status":"SUCCESS","ms":0,"params":{}}
{"ts":"2026-06-22T15:41:34.728Z","tool":"get_tool_states","type":"resource","status":"SUCCESS","ms":3,"params":{}}
{"ts":"2026-06-22T15:41:34.826Z","tool":"manage_scene","type":"tool","status":"ERROR","ms":1,"action":"load","params":{"action":"load","scenePath":"Assets/_Game/Scenes/00_Bootstrap.unity"},"error":"Either 'name'/'path' or 'buildIndex' must be provided for 'load' action."}
{"ts":"2026-06-22T15:41:35.662Z","tool":"read_console","type":"tool","status":"SUCCESS","ms":1,"action":"clear","params":{"action":"clear","types":["error","warning","log"],"count":null,"format":"plain","includeStacktrace":false}}
{"ts":"2026-06-22T15:41:43.619Z","tool":"get_editor_state","type":"resource","status":"SUCCESS","ms":0,"params":{}}
{"ts":"2026-06-22T15:41:43.624Z","tool":"get_project_info","type":"resource","status":"SUCCESS","ms":0,"params":{}}
{"ts":"2026-06-22T15:41:43.726Z","tool":"get_tool_states","type":"resource","status":"SUCCESS","ms":3,"params":{}}
{"ts":"2026-06-22T15:41:43.805Z","tool":"refresh_unity","type":"tool","status":"SUCCESS","ms":74,"params":{"mode":"if_dirty","scope":"all","compile":"request","wait_for_ready":true}}
{"ts":"2026-06-22T15:41:44.481Z","tool":"get_editor_state","type":"resource","status":"SUCCESS","ms":0,"params":{}}
{"ts":"2026-06-22T15:41:51.721Z","event":"session_start","unity":"6000.3.10f1"}
{"ts":"2026-06-22T15:41:51.713Z","tool":"get_project_info","type":"resource","status":"SUCCESS","ms":1,"params":{}}
{"ts":"2026-06-22T15:41:53.283Z","tool":"get_project_info","type":"resource","status":"SUCCESS","ms":0,"params":{}}
{"ts":"2026-06-22T15:41:53.283Z","tool":"get_project_info","type":"resource","status":"SUCCESS","ms":0,"params":{}}
{"ts":"2026-06-22T15:41:53.438Z","tool":"get_tool_states","type":"resource","status":"SUCCESS","ms":6,"params":{}}
{"ts":"2026-06-22T15:41:53.679Z","tool":"get_editor_state","type":"resource","status":"SUCCESS","ms":4,"params":{}}
{"ts":"2026-06-22T15:41:53.776Z","tool":"get_project_info","type":"resource","status":"SUCCESS","ms":0,"params":{}}
{"ts":"2026-06-22T15:41:54.533Z","tool":"manage_scene","type":"tool","status":"SUCCESS","ms":650,"action":"load","params":{"action":"load","buildIndex":0}}
{"ts":"2026-06-22T15:42:05.920Z","tool":"manage_editor","type":"tool","status":"SUCCESS","ms":22,"action":"play","params":{"action":"play"}}
{"ts":"2026-06-22T15:42:16.642Z","event":"session_start","unity":"6000.3.10f1"}
{"ts":"2026-06-22T15:42:16.638Z","tool":"get_tool_states","type":"resource","status":"SUCCESS","ms":6,"params":{}}
{"ts":"2026-06-22T15:42:16.651Z","tool":"get_tool_states","type":"resource","status":"SUCCESS","ms":3,"params":{}}
{"ts":"2026-06-22T15:42:16.655Z","tool":"get_tool_states","type":"resource","status":"SUCCESS","ms":3,"params":{}}
{"ts":"2026-06-22T15:42:16.954Z","tool":"get_editor_state","type":"resource","status":"SUCCESS","ms":2,"params":{}}
{"ts":"2026-06-22T15:42:16.982Z","tool":"get_project_info","type":"resource","status":"SUCCESS","ms":1,"params":{}}
{"ts":"2026-06-22T15:42:17.005Z","tool":"get_tool_states","type":"resource","status":"SUCCESS","ms":4,"params":{}}
{"ts":"2026-06-22T15:42:31.295Z","tool":"read_console","type":"tool","status":"SUCCESS","ms":7,"action":"get","params":{"action":"get","types":["log","warning","error"],"count":50,"filterText":"Bill","format":"plain","includeStacktrace":false}}
{"ts":"2026-06-22T15:42:31.310Z","tool":"get_tool_states","type":"resource","status":"SUCCESS","ms":3,"params":{}}
{"ts":"2026-06-22T15:42:49.822Z","tool":"execute_code","type":"tool","status":"SUCCESS","ms":1256,"action":"execute","params":{"action":"execute","code":"var net = BillGameCore.Bill.Net;\nvar f = typeof(BillGameCore.NetworkService).GetField(\"_adapter\", System.Reflection.BindingFlags.NonPublic | System.Reflection.BindingFlags.Instance);\nvar adapter = f != null ? f.GetValue(net) : null;\nstring adapterType = adapter != null ? adapter.GetType().Name : \"null\";\nreturn $\"Bill.Net.Mode={net.Mode}, IsOffline={net.IsOffline}, IsConnected={net.IsConnected}, adapter={adapterType}, FusionNet.Exists={BillGameCore.FusionNet.Exists}, CyclePhase={net.Cycle?.Phase}\";","safety_checks":true,"compiler":"auto"}}
{"ts":"2026-06-22T15:42:49.841Z","tool":"get_tool_states","type":"resource","status":"SUCCESS","ms":3,"params":{}}
{"ts":"2026-06-22T15:42:50.664Z","tool":"read_console","type":"tool","status":"SUCCESS","ms":3,"action":"get","params":{"action":"get","types":["error"],"count":30,"format":"plain","includeStacktrace":false}}
{"ts":"2026-06-22T15:43:03.365Z","tool":"manage_editor","type":"tool","status":"SUCCESS","ms":8,"action":"stop","params":{"action":"stop"}}
{"ts":"2026-06-22T15:43:04.375Z","tool":"get_tool_states","type":"resource","status":"SUCCESS","ms":3,"params":{}}
{"ts":"2026-06-22T15:56:51.277Z","tool":"refresh_unity","type":"tool","status":"SUCCESS","ms":332,"params":{"mode":"force","scope":"all","compile":"request","wait_for_ready":true}}
{"ts":"2026-06-22T15:56:52.122Z","tool":"get_editor_state","type":"resource","status":"SUCCESS","ms":0,"params":{}}
{"ts":"2026-06-22T15:56:52.152Z","tool":"get_tool_states","type":"resource","status":"SUCCESS","ms":4,"params":{}}
{"ts":"2026-06-22T15:56:52.254Z","tool":"get_project_info","type":"resource","status":"SUCCESS","ms":0,"params":{}}
{"ts":"2026-06-22T15:56:52.674Z","tool":"get_editor_state","type":"resource","status":"SUCCESS","ms":0,"params":{}}
{"ts":"2026-06-22T15:56:52.779Z","tool":"get_project_info","type":"resource","status":"SUCCESS","ms":0,"params":{}}
{"ts":"2026-06-22T15:56:53.096Z","tool":"get_editor_state","type":"resource","status":"SUCCESS","ms":0,"params":{}}
{"ts":"2026-06-22T15:56:53.201Z","tool":"get_project_info","type":"resource","status":"SUCCESS","ms":0,"params":{}}
{"ts":"2026-06-22T15:56:53.520Z","tool":"get_editor_state","type":"resource","status":"SUCCESS","ms":0,"params":{}}
{"ts":"2026-06-22T15:56:53.627Z","tool":"get_project_info","type":"resource","status":"SUCCESS","ms":0,"params":{}}
{"ts":"2026-06-22T15:56:53.942Z","tool":"get_editor_state","type":"resource","status":"SUCCESS","ms":0,"params":{}}
{"ts":"2026-06-22T15:56:54.049Z","tool":"get_project_info","type":"resource","status":"SUCCESS","ms":0,"params":{}}
{"ts":"2026-06-22T15:56:54.416Z","tool":"get_editor_state","type":"resource","status":"SUCCESS","ms":0,"params":{}}
{"ts":"2026-06-22T15:56:54.516Z","tool":"get_project_info","type":"resource","status":"SUCCESS","ms":0,"params":{}}
{"ts":"2026-06-22T15:56:54.833Z","tool":"get_editor_state","type":"resource","status":"SUCCESS","ms":0,"params":{}}
{"ts":"2026-06-22T15:56:54.939Z","tool":"get_project_info","type":"resource","status":"SUCCESS","ms":0,"params":{}}
{"ts":"2026-06-22T15:56:55.255Z","tool":"get_editor_state","type":"resource","status":"SUCCESS","ms":0,"params":{}}
{"ts":"2026-06-22T15:57:04.202Z","event":"session_start","unity":"6000.3.10f1"}
{"ts":"2026-06-22T15:57:04.196Z","tool":"get_project_info","type":"resource","status":"SUCCESS","ms":3,"params":{}}
{"ts":"2026-06-22T15:57:05.562Z","tool":"get_project_info","type":"resource","status":"SUCCESS","ms":0,"params":{}}
{"ts":"2026-06-22T15:57:05.884Z","tool":"get_project_info","type":"resource","status":"SUCCESS","ms":0,"params":{}}
{"ts":"2026-06-22T15:57:06.034Z","tool":"get_tool_states","type":"resource","status":"SUCCESS","ms":8,"params":{}}
{"ts":"2026-06-22T15:57:06.267Z","tool":"get_editor_state","type":"resource","status":"SUCCESS","ms":1,"params":{}}
{"ts":"2026-06-22T15:57:06.275Z","tool":"get_project_info","type":"resource","status":"SUCCESS","ms":0,"params":{}}
{"ts":"2026-06-22T15:57:11.472Z","tool":"get_editor_state","type":"resource","status":"SUCCESS","ms":0,"params":{}}
{"ts":"2026-06-22T15:57:11.481Z","tool":"get_project_info","type":"resource","status":"SUCCESS","ms":0,"params":{}}
{"ts":"2026-06-22T15:57:11.489Z","tool":"get_tool_states","type":"resource","status":"SUCCESS","ms":3,"params":{}}
{"ts":"2026-06-22T15:57:20.738Z","tool":"get_editor_state","type":"resource","status":"SUCCESS","ms":1,"params":{}}
{"ts":"2026-06-22T15:57:20.842Z","tool":"get_project_info","type":"resource","status":"SUCCESS","ms":0,"params":{}}
{"ts":"2026-06-22T15:57:20.850Z","tool":"get_tool_states","type":"resource","status":"SUCCESS","ms":3,"params":{}}
{"ts":"2026-06-22T15:57:30.391Z","tool":"read_console","type":"tool","status":"SUCCESS","ms":4,"action":"get","params":{"action":"get","types":["error"],"count":40,"format":"plain","includeStacktrace":false}}
{"ts":"2026-06-22T15:57:30.408Z","tool":"get_tool_states","type":"resource","status":"SUCCESS","ms":3,"params":{}}
{"ts":"2026-06-22T15:57:51.493Z","tool":"execute_code","type":"tool","status":"SUCCESS","ms":1375,"action":"execute","params":{"action":"execute","code":"var asm = typeof(BillGameCore.Bill).Assembly;\nvar net = asm.GetType(\"BillGameCore.FusionNet\");\nvar adapter = asm.GetType(\"BillGameCore.FusionNetworkAdapter\");\nbool cb = net != null && typeof(Fusion.INetworkRunnerCallbacks).IsAssignableFrom(net);\nvar cfg = UnityEditor.AssetDatabase.LoadAssetAtPath<BillGameCore.BillBootstrapConfig>(\"Assets/Resources/BillBootstrapConfig.asset\");\nreturn $\"FusionNet={net!=null}, Adapter={adapter!=null}, implementsCallbacks={cb}, ConfigLoads={cfg!=null}, mode={cfg?.defaultNetworkMode}, scene='{cfg?.defaultGameScene}'\";","safety_checks":true,"compiler":"auto"}}
{"ts":"2026-06-22T15:57:51.608Z","tool":"get_tool_states","type":"resource","status":"SUCCESS","ms":4,"params":{}}
{"ts":"2026-06-22T16:08:02.810Z","event":"session_start","unity":"6000.3.10f1"}
{"ts":"2026-06-22T16:08:02.806Z","tool":"execute_code","type":"tool","status":"ERROR","ms":2,"action":"execute","params":{"action":"execute","code":"var scenePath = \"Assets/_Game/Scenes/00_Bootstrap.unity\";\nvar active = UnityEditor.SceneManagement.EditorSceneManager.GetActiveScene();\nif (active.path != scenePath)\n    active = UnityEditor.SceneManagement.EditorSceneManager.OpenScene(scenePath, UnityEditor.SceneManagement.OpenSceneMode.Single);\n\n// Remove stray docs that belong to a different project (came in via the BillGameCore copy)\nforeach (var p in new string[]{\n    \"Assets/BillGameCore/ARCHITECTURE_DETAIL.md\",\n    \"Assets/BillGameCore/GDD_SpacetimeDB_MMORPG.md\",\n    \"Assets/BillGameCore/Samples.zip\"}) { UnityEditor.AssetDatabase.DeleteAsset(p); }\n\nif (UnityEngine.Object.FindAnyObjectByType<BillGameCore.BillStartup>() != null)\n    return \"BillStartup already present — skipped UI build (docs cleaned).\";\n\nvar uiSprite = UnityEditor.AssetDatabase.GetBuiltinExtraResource<UnityEngine.Sprite>(\"UI/Skin/UISprite.psd\");\nvar bgSprite = UnityEditor.AssetDatabase.GetBuiltinExtraResource<UnityEngine.Sprite>(\"UI/Skin/Background.psd\");\n\nif (UnityEngine.Object.FindAnyObjectByType<UnityEngine.Camera>() == null) {\n    var camGo = new UnityEngine.GameObject(\"Main Camera\");\n    var cam = camGo.AddComponent<UnityEngine.Camera>(); camGo.tag = \"MainCamera\";\n    cam.clearFlags = UnityEngine.CameraClearFlags.SolidColor; cam.backgroundColor = new UnityEngine.Color(0.05f,0.05f,0.07f,1f);\n    camGo.AddComponent<UnityEngine.AudioListener>();\n}\nif (UnityEngine.Object.FindAnyObjectByType<UnityEngine.EventSystems.EventSystem>() == null) {\n    var es = new UnityEngine.GameObject(\"EventSystem\");\n    es.AddComponent<UnityEngine.EventSystems.EventSystem>(); es.AddComponent<UnityEngine.EventSystems.StandaloneInputModule>();\n}\n\nvar canvasGo = new UnityEngine.GameObject(\"SplashCanvas\", typeof(UnityEngine.RectTransform), typeof(UnityEngine.Canvas), typeof(UnityEngine.UI.CanvasScaler), typeof(UnityEngine.UI.GraphicRaycaster), typeof(UnityEngine.CanvasGroup));\nvar canvas = canvasGo.GetComponent<UnityEngine.Canvas>(); canvas.renderMode = UnityEngine.RenderMode.ScreenSpaceOverlay;\nvar scaler = canvasGo.GetComponent<UnityEngine.UI.CanvasScaler>(); scaler.uiScaleMode = UnityEngine.UI.CanvasScaler.ScaleMode.ScaleWithScreenSize; scaler.referenceResolution = new UnityEngine.Vector2(1920,1080);\nvar cg = canvasGo.GetComponent<UnityEngine.CanvasGroup>();\n\nvar bgGo = new UnityEngine.GameObject(\"Background\", typeof(UnityEngine.RectTransform)); bgGo.transform.SetParent(canvasGo.transform,false);\nvar bgImg = bgGo.AddComponent<UnityEngine.UI.Image>(); bgImg.color = new UnityEngine.Color(0.05f,0.05f,0.07f,1f);\nvar bgRt = (UnityEngine.RectTransform)bgGo.transform; bgRt.anchorMin = UnityEngine.Vector2.zero; bgRt.anchorMax = UnityEngine.Vector2.one; bgRt.offsetMin = UnityEngine.Vector2.zero; bgRt.offsetMax = UnityEngine.Vector2.zero;\n\nvar logoGo = new UnityEngine.GameObject(\"Logo\", typeof(UnityEngine.RectTransform)); logoGo.transform.SetParent(canvasGo.transform,false);\nvar logoImg = logoGo.AddComponent<UnityEngine.UI.Image>(); logoImg.sprite = uiSprite; logoImg.type = UnityEngine.UI.Image.Type.Sliced; logoImg.color = new UnityEngine.Color(0.2f,0.8f,1f,1f);\nvar logoRt = (UnityEngine.RectTransform)logoGo.transform; logoRt.sizeDelta = new UnityEngine.Vector2(340,340); logoRt.anchoredPosition = new UnityEngine.Vector2(0,120);\n\nvar statusGo = new UnityEngine.GameObject(\"Status\", typeof(UnityEngine.RectTransform)); statusGo.transform.SetParent(canvasGo.transform,false);\nvar status = statusGo.AddComponent<TMPro.TextMeshProUGUI>(); status.text = \"TOSSZONE\"; status.fontSize = 34; status.alignment = TMPro.TextAlignmentOptions.Center; status.color = UnityEngine.Color.white;\nvar statusRt = (UnityEngine.RectTransform)statusGo.transform; statusRt.sizeDelta = new UnityEngine.Vector2(900,60); statusRt.anchoredPosition = new UnityEngine.Vector2(0,-150);\n\nvar res = new UnityEngine.UI.DefaultControls.Resources { standard = uiSprite, background = bgSprite };\nvar sliderGo = UnityEngine.UI.DefaultControls.CreateSlider(res); sliderGo.name = \"ProgressSlider\"; sliderGo.transform.SetParent(canvasGo.transform,false);\nvar sliderRt = (UnityEngine.RectTransform)sliderGo.transform; sliderRt.sizeDelta = new UnityEngine.Vector2(720,18); sliderRt.anchoredPosition = new UnityEngine.Vector2(0,-250);\nvar slider = sliderGo.GetComponent<UnityEngine.UI.Slider>(); slider.minValue = 0; slider.maxValue = 1; slider.value = 0; slider.interactable = false;\n\nvar startupGo = new UnityEngine.GameObject(\"[BillStartup]\");\nvar st = startupGo.AddComponent<BillGameCore.BillStartup>();\nst.logo = logoImg; st.progressSlider = slider; st.statusText = status; st.rootCanvasGroup = cg;\nst.nextScene = \"01_TOSSZONE_Main\"; st.transition = BillGameCore.TransitionType.Fade; st.transitionDuration = 0.5f;\nst.logoStartScale = 0.3f; st.logoScaleDuration = 0.8f; st.logoEase = BillGameCore.EaseType.OutBack; st.logoHoldDuration = 0.8f; st.fadeOutDuration = 0.5f;\n\nUnityEditor.SceneManagement.EditorSceneManager.MarkSceneDirty(active);\nUnityEditor.SceneManagement.EditorSceneManager.SaveScene(active);\nreturn \"OK: BillStartup splash built in 00_Bootstrap (camera, EventSystem, canvas+canvasgroup, logo, status, slider) wired; nextScene=01_TOSSZONE_Main; stray docs removed.\";","safety_checks":true,"compiler":"auto"},"error":"Blocked pattern detected: Code contains blocked pattern: 'AssetDatabase.DeleteAsset'. Disable safety checks with safety_checks=false if this is intentional."}
{"ts":"2026-06-22T16:08:02.838Z","tool":"get_tool_states","type":"resource","status":"SUCCESS","ms":8,"params":{}}
{"ts":"2026-06-22T16:08:34.003Z","tool":"execute_code","type":"tool","status":"SUCCESS","ms":1692,"action":"execute","params":{"action":"execute","code":"var scenePath = \"Assets/_Game/Scenes/00_Bootstrap.unity\";\nvar active = UnityEditor.SceneManagement.EditorSceneManager.GetActiveScene();\nif (active.path != scenePath)\n    active = UnityEditor.SceneManagement.EditorSceneManager.OpenScene(scenePath, UnityEditor.SceneManagement.OpenSceneMode.Single);\n\nif (UnityEngine.Object.FindAnyObjectByType<BillGameCore.BillStartup>() != null)\n    return \"BillStartup already present — skipped.\";\n\nvar uiSprite = UnityEditor.AssetDatabase.GetBuiltinExtraResource<UnityEngine.Sprite>(\"UI/Skin/UISprite.psd\");\nvar bgSprite = UnityEditor.AssetDatabase.GetBuiltinExtraResource<UnityEngine.Sprite>(\"UI/Skin/Background.psd\");\n\nif (UnityEngine.Object.FindAnyObjectByType<UnityEngine.Camera>() == null) {\n    var camGo = new UnityEngine.GameObject(\"Main Camera\");\n    var cam = camGo.AddComponent<UnityEngine.Camera>(); camGo.tag = \"MainCamera\";\n    cam.clearFlags = UnityEngine.CameraClearFlags.SolidColor; cam.backgroundColor = new UnityEngine.Color(0.05f,0.05f,0.07f,1f);\n    camGo.AddComponent<UnityEngine.AudioListener>();\n}\nif (UnityEngine.Object.FindAnyObjectByType<UnityEngine.EventSystems.EventSystem>() == null) {\n    var es = new UnityEngine.GameObject(\"EventSystem\");\n    es.AddComponent<UnityEngine.EventSystems.EventSystem>(); es.AddComponent<UnityEngine.EventSystems.StandaloneInputModule>();\n}\n\nvar canvasGo = new UnityEngine.GameObject(\"SplashCanvas\", typeof(UnityEngine.RectTransform), typeof(UnityEngine.Canvas), typeof(UnityEngine.UI.CanvasScaler), typeof(UnityEngine.UI.GraphicRaycaster), typeof(UnityEngine.CanvasGroup));\nvar canvas = canvasGo.GetComponent<UnityEngine.Canvas>(); canvas.renderMode = UnityEngine.RenderMode.ScreenSpaceOverlay;\nvar scaler = canvasGo.GetComponent<UnityEngine.UI.CanvasScaler>(); scaler.uiScaleMode = UnityEngine.UI.CanvasScaler.ScaleMode.ScaleWithScreenSize; scaler.referenceResolution = new UnityEngine.Vector2(1920,1080);\nvar cg = canvasGo.GetComponent<UnityEngine.CanvasGroup>();\n\nvar bgGo = new UnityEngine.GameObject(\"Background\", typeof(UnityEngine.RectTransform)); bgGo.transform.SetParent(canvasGo.transform,false);\nvar bgImg = bgGo.AddComponent<UnityEngine.UI.Image>(); bgImg.color = new UnityEngine.Color(0.05f,0.05f,0.07f,1f);\nvar bgRt = (UnityEngine.RectTransform)bgGo.transform; bgRt.anchorMin = UnityEngine.Vector2.zero; bgRt.anchorMax = UnityEngine.Vector2.one; bgRt.offsetMin = UnityEngine.Vector2.zero; bgRt.offsetMax = UnityEngine.Vector2.zero;\n\nvar logoGo = new UnityEngine.GameObject(\"Logo\", typeof(UnityEngine.RectTransform)); logoGo.transform.SetParent(canvasGo.transform,false);\nvar logoImg = logoGo.AddComponent<UnityEngine.UI.Image>(); logoImg.sprite = uiSprite; logoImg.type = UnityEngine.UI.Image.Type.Sliced; logoImg.color = new UnityEngine.Color(0.2f,0.8f,1f,1f);\nvar logoRt = (UnityEngine.RectTransform)logoGo.transform; logoRt.sizeDelta = new UnityEngine.Vector2(340,340); logoRt.anchoredPosition = new UnityEngine.Vector2(0,120);\n\nvar statusGo = new UnityEngine.GameObject(\"Status\", typeof(UnityEngine.RectTransform)); statusGo.transform.SetParent(canvasGo.transform,false);\nvar status = statusGo.AddComponent<TMPro.TextMeshProUGUI>(); status.text = \"TOSSZONE\"; status.fontSize = 34; status.alignment = TMPro.TextAlignmentOptions.Center; status.color = UnityEngine.Color.white;\nvar statusRt = (UnityEngine.RectTransform)statusGo.transform; statusRt.sizeDelta = new UnityEngine.Vector2(900,60); statusRt.anchoredPosition = new UnityEngine.Vector2(0,-150);\n\nvar res = new UnityEngine.UI.DefaultControls.Resources { standard = uiSprite, background = bgSprite };\nvar sliderGo = UnityEngine.UI.DefaultControls.CreateSlider(res); sliderGo.name = \"ProgressSlider\"; sliderGo.transform.SetParent(canvasGo.transform,false);\nvar sliderRt = (UnityEngine.RectTransform)sliderGo.transform; sliderRt.sizeDelta = new UnityEngine.Vector2(720,18); sliderRt.anchoredPosition = new UnityEngine.Vector2(0,-250);\nvar slider = sliderGo.GetComponent<UnityEngine.UI.Slider>(); slider.minValue = 0; slider.maxValue = 1; slider.value = 0; slider.interactable = false;\n\nvar startupGo = new UnityEngine.GameObject(\"[BillStartup]\");\nvar st = startupGo.AddComponent<BillGameCore.BillStartup>();\nst.logo = logoImg; st.progressSlider = slider; st.statusText = status; st.rootCanvasGroup = cg;\nst.nextScene = \"01_TOSSZONE_Main\"; st.transition = BillGameCore.TransitionType.Fade; st.transitionDuration = 0.5f;\nst.logoStartScale = 0.3f; st.logoScaleDuration = 0.8f; st.logoEase = BillGameCore.EaseType.OutBack; st.logoHoldDuration = 0.8f; st.fadeOutDuration = 0.5f;\n\nUnityEditor.SceneManagement.EditorSceneManager.MarkSceneDirty(active);\nUnityEditor.SceneManagement.EditorSceneManager.SaveScene(active);\nreturn \"OK: BillStartup splash built in 00_Bootstrap (camera+EventSystem+canvas+logo+status+slider); nextScene=01_TOSSZONE_Main.\";","safety_checks":true,"compiler":"auto"}}
{"ts":"2026-06-22T16:08:34.072Z","tool":"get_tool_states","type":"resource","status":"SUCCESS","ms":5,"params":{}}
{"ts":"2026-06-22T16:09:20.282Z","tool":"execute_code","type":"tool","status":"SUCCESS","ms":390,"action":"execute","params":{"action":"execute","code":"var cfg = UnityEditor.AssetDatabase.LoadAssetAtPath<BillGameCore.BillBootstrapConfig>(\"Assets/Resources/BillBootstrapConfig.asset\");\ncfg.defaultGameScene = \"\";\nUnityEditor.EditorUtility.SetDirty(cfg);\nUnityEditor.AssetDatabase.SaveAssets();\nreturn $\"defaultGameScene cleared -> BillStartup owns boot->Main transition. mode={cfg.defaultNetworkMode}, scene='{cfg.defaultGameScene}'\";","safety_checks":true,"compiler":"auto"}}
{"ts":"2026-06-22T16:09:20.318Z","tool":"get_tool_states","type":"resource","status":"SUCCESS","ms":3,"params":{}}
{"ts":"2026-06-22T16:09:56.227Z","tool":"refresh_unity","type":"tool","status":"SUCCESS","ms":203,"params":{"mode":"force","scope":"assets","compile":"none","wait_for_ready":true}}
{"ts":"2026-06-22T16:09:56.440Z","tool":"get_editor_state","type":"resource","status":"SUCCESS","ms":3,"params":{}}
{"ts":"2026-06-22T16:09:56.448Z","tool":"get_tool_states","type":"resource","status":"SUCCESS","ms":3,"params":{}}
{"ts":"2026-06-22T16:09:56.548Z","tool":"get_project_info","type":"resource","status":"SUCCESS","ms":1,"params":{}}
{"ts":"2026-06-22T16:10:03.197Z","tool":"get_editor_state","type":"resource","status":"SUCCESS","ms":0,"params":{}}
{"ts":"2026-06-22T16:10:03.206Z","tool":"get_project_info","type":"resource","status":"SUCCESS","ms":0,"params":{}}
{"ts":"2026-06-22T16:10:03.309Z","tool":"get_tool_states","type":"resource","status":"SUCCESS","ms":3,"params":{}}
{"ts":"2026-06-22T16:10:03.326Z","tool":"manage_scene","type":"tool","status":"SUCCESS","ms":11,"action":"get_hierarchy","params":{"action":"get_hierarchy","includeTransform":false}}
{"ts":"2026-06-22T16:10:04.159Z","tool":"read_console","type":"tool","status":"SUCCESS","ms":10,"action":"get","params":{"action":"get","types":["error","warning"],"count":20,"format":"plain","includeStacktrace":false}}
{"ts":"2026-06-22T16:10:46.742Z","tool":"read_console","type":"tool","status":"SUCCESS","ms":0,"action":"clear","params":{"action":"clear","types":["error","warning","log"],"count":null,"format":"plain","includeStacktrace":false}}
{"ts":"2026-06-22T16:10:46.851Z","tool":"get_tool_states","type":"resource","status":"SUCCESS","ms":3,"params":{}}
{"ts":"2026-06-22T16:10:51.425Z","tool":"manage_editor","type":"tool","status":"SUCCESS","ms":19,"action":"play","params":{"action":"play"}}
{"ts":"2026-06-22T16:11:02.174Z","event":"session_start","unity":"6000.3.10f1"}
{"ts":"2026-06-22T16:11:02.171Z","tool":"get_editor_state","type":"resource","status":"SUCCESS","ms":3,"params":{}}
{"ts":"2026-06-22T16:11:02.490Z","tool":"get_project_info","type":"resource","status":"SUCCESS","ms":1,"params":{}}
{"ts":"2026-06-22T16:11:02.522Z","tool":"get_tool_states","type":"resource","status":"SUCCESS","ms":6,"params":{}}
{"ts":"2026-06-22T16:11:12.219Z","tool":"get_editor_state","type":"resource","status":"SUCCESS","ms":0,"params":{}}
{"ts":"2026-06-22T16:11:12.225Z","tool":"get_project_info","type":"resource","status":"SUCCESS","ms":0,"params":{}}
{"ts":"2026-06-22T16:11:12.231Z","tool":"get_tool_states","type":"resource","status":"SUCCESS","ms":3,"params":{}}
{"ts":"2026-06-22T16:11:22.668Z","tool":"read_console","type":"tool","status":"SUCCESS","ms":6,"action":"get","params":{"action":"get","types":["log","error"],"count":40,"filterText":"Bill","format":"plain","includeStacktrace":false}}
{"ts":"2026-06-22T16:11:22.684Z","tool":"get_tool_states","type":"resource","status":"SUCCESS","ms":3,"params":{}}
{"ts":"2026-06-22T16:11:33.204Z","tool":"manage_editor","type":"tool","status":"SUCCESS","ms":8,"action":"stop","params":{"action":"stop"}}
{"ts":"2026-06-22T16:11:34.190Z","tool":"get_tool_states","type":"resource","status":"SUCCESS","ms":3,"params":{}}
{"ts":"2026-06-22T16:38:34.268Z","tool":"get_editor_state","type":"resource","status":"SUCCESS","ms":0,"params":{}}
{"ts":"2026-06-22T16:38:34.280Z","tool":"get_project_info","type":"resource","status":"SUCCESS","ms":0,"params":{}}
{"ts":"2026-06-22T16:38:34.382Z","tool":"get_tool_states","type":"resource","status":"SUCCESS","ms":3,"params":{}}
{"ts":"2026-06-22T16:38:34.503Z","tool":"refresh_unity","type":"tool","status":"SUCCESS","ms":116,"params":{"mode":"if_dirty","scope":"all","compile":"request","wait_for_ready":true}}
{"ts":"2026-06-22T16:38:35.119Z","tool":"get_editor_state","type":"resource","status":"SUCCESS","ms":0,"params":{}}
{"ts":"2026-06-22T16:38:44.518Z","event":"session_start","unity":"6000.3.10f1"}
{"ts":"2026-06-22T16:38:44.510Z","tool":"get_project_info","type":"resource","status":"SUCCESS","ms":2,"params":{}}
{"ts":"2026-06-22T16:38:46.067Z","tool":"get_project_info","type":"resource","status":"SUCCESS","ms":0,"params":{}}
{"ts":"2026-06-22T16:38:46.068Z","tool":"get_project_info","type":"resource","status":"SUCCESS","ms":0,"params":{}}
{"ts":"2026-06-22T16:38:46.321Z","tool":"get_tool_states","type":"resource","status":"SUCCESS","ms":8,"params":{}}
{"ts":"2026-06-22T16:38:46.552Z","tool":"get_editor_state","type":"resource","status":"SUCCESS","ms":4,"params":{}}
{"ts":"2026-06-22T16:38:46.661Z","tool":"get_project_info","type":"resource","status":"SUCCESS","ms":0,"params":{}}
{"ts":"2026-06-22T16:38:46.776Z","tool":"manage_scene","type":"tool","status":"ERROR","ms":7,"action":"load","params":{"action":"load","buildIndex":1},"error":"Current scene has unsaved changes. Please save or discard changes before loading a new scene."}
{"ts":"2026-06-22T16:39:18.569Z","tool":"get_editor_state","type":"resource","status":"SUCCESS","ms":0,"params":{}}
{"ts":"2026-06-22T16:39:18.581Z","tool":"get_project_info","type":"resource","status":"SUCCESS","ms":0,"params":{}}
{"ts":"2026-06-22T16:39:18.683Z","tool":"get_tool_states","type":"resource","status":"SUCCESS","ms":3,"params":{}}
{"ts":"2026-06-22T16:39:18.884Z","tool":"manage_scene","type":"tool","status":"SUCCESS","ms":197,"action":"save","params":{"action":"save"}}
{"ts":"2026-06-22T16:39:26.482Z","tool":"get_editor_state","type":"resource","status":"SUCCESS","ms":0,"params":{}}
{"ts":"2026-06-22T16:39:26.588Z","tool":"get_project_info","type":"resource","status":"SUCCESS","ms":0,"params":{}}
{"ts":"2026-06-22T16:39:26.604Z","tool":"get_tool_states","type":"resource","status":"SUCCESS","ms":5,"params":{}}
{"ts":"2026-06-22T16:39:26.860Z","tool":"refresh_unity","type":"tool","status":"SUCCESS","ms":58,"params":{"mode":"if_dirty","scope":"all","compile":"request","wait_for_ready":true}}
{"ts":"2026-06-22T16:39:26.893Z","tool":"get_editor_state","type":"resource","status":"SUCCESS","ms":0,"params":{}}
{"ts":"2026-06-22T16:39:26.998Z","tool":"get_project_info","type":"resource","status":"SUCCESS","ms":0,"params":{}}
{"ts":"2026-06-22T16:39:27.521Z","tool":"get_editor_state","type":"resource","status":"SUCCESS","ms":0,"params":{}}
{"ts":"2026-06-22T16:39:36.635Z","event":"session_start","unity":"6000.3.10f1"}
{"ts":"2026-06-22T16:39:36.625Z","tool":"get_project_info","type":"resource","status":"SUCCESS","ms":1,"params":{}}
{"ts":"2026-06-22T16:39:38.035Z","tool":"get_project_info","type":"resource","status":"SUCCESS","ms":0,"params":{}}
{"ts":"2026-06-22T16:39:38.035Z","tool":"get_project_info","type":"resource","status":"SUCCESS","ms":0,"params":{}}
{"ts":"2026-06-22T16:39:38.203Z","tool":"get_tool_states","type":"resource","status":"SUCCESS","ms":6,"params":{}}
{"ts":"2026-06-22T16:39:38.537Z","tool":"get_editor_state","type":"resource","status":"SUCCESS","ms":3,"params":{}}
{"ts":"2026-06-22T16:39:38.543Z","tool":"get_project_info","type":"resource","status":"SUCCESS","ms":0,"params":{}}
{"ts":"2026-06-22T16:39:39.440Z","tool":"manage_scene","type":"tool","status":"SUCCESS","ms":795,"action":"load","params":{"action":"load","buildIndex":1}}
{"ts":"2026-06-22T16:39:48.561Z","tool":"get_editor_state","type":"resource","status":"SUCCESS","ms":0,"params":{}}
{"ts":"2026-06-22T16:39:48.571Z","tool":"get_project_info","type":"resource","status":"SUCCESS","ms":0,"params":{}}
{"ts":"2026-06-22T16:39:48.676Z","tool":"get_tool_states","type":"resource","status":"SUCCESS","ms":5,"params":{}}
{"ts":"2026-06-22T16:39:48.690Z","tool":"manage_scene","type":"tool","status":"SUCCESS","ms":9,"action":"get_hierarchy","params":{"action":"get_hierarchy","includeTransform":false}}
{"ts":"2026-06-22T16:40:54.169Z","tool":"execute_code","type":"tool","status":"ERROR","ms":1133,"action":"execute","params":{"action":"execute","code":"var active = UnityEditor.SceneManagement.EditorSceneManager.GetActiveScene();\nif (active.path != \"Assets/_Game/Scenes/01_TOSSZONE_Main.unity\")\n    active = UnityEditor.SceneManagement.EditorSceneManager.OpenScene(\"Assets/_Game/Scenes/01_TOSSZONE_Main.unity\", UnityEditor.SceneManagement.OpenSceneMode.Single);\n\nif (UnityEngine.GameObject.Find(\"[Floor]\") != null) return \"Main already scaffolded — skipped.\";\n\n// Default Main Camera removed (XR rig provides its own head camera + AudioListener)\nvar defCam = UnityEngine.GameObject.Find(\"Main Camera\");\nif (defCam != null) UnityEngine.Object.DestroyImmediate(defCam);\n\n// Floor (20x20, collider for the player to stand on)\nvar floor = UnityEngine.GameObject.CreatePrimitive(UnityEngine.PrimitiveType.Cube);\nfloor.name = \"[Floor]\"; floor.transform.position = new UnityEngine.Vector3(0,-0.1f,0); floor.transform.localScale = new UnityEngine.Vector3(20f,0.2f,20f); floor.isStatic = true;\n\n// AutoHand XR rig\nvar rigPrefab = UnityEditor.AssetDatabase.LoadAssetAtPath<UnityEngine.GameObject>(\"Assets/AutoHand/Examples/Scenes/XR/Prefabs/XRPlayer.prefab\");\nUnityEngine.GameObject rig = null;\nif (rigPrefab != null) { rig = (UnityEngine.GameObject)UnityEditor.PrefabUtility.InstantiatePrefab(rigPrefab, active); rig.transform.position = UnityEngine.Vector3.zero; }\n\n// Portal placeholder ring → Arena (emissive disc + trigger)\nvar portal = UnityEngine.GameObject.CreatePrimitive(UnityEngine.PrimitiveType.Cylinder);\nportal.name = \"[ArenaPortal]\"; portal.transform.position = new UnityEngine.Vector3(0,1.4f,7f);\nportal.transform.rotation = UnityEngine.Quaternion.Euler(90f,0,0); portal.transform.localScale = new UnityEngine.Vector3(2.6f,0.12f,2.6f);\nvar mat = new UnityEngine.Material(UnityEngine.Shader.Find(\"Universal Render Pipeline/Lit\"));\nmat.color = new UnityEngine.Color(0.2f,0.9f,1f,1f); mat.EnableKeyword(\"_EMISSION\"); mat.SetColor(\"_EmissionColor\", new UnityEngine.Color(0.2f,0.9f,1f)*2f);\nportal.GetComponent<UnityEngine.Renderer>().sharedMaterial = mat;\nvar pcol = portal.GetComponent<UnityEngine.Collider>(); if (pcol != null) pcol.isTrigger = true;\n\nUnityEditor.SceneManagement.EditorSceneManager.MarkSceneDirty(active);\nUnityEditor.SceneManagement.EditorSceneManager.SaveScene(active);\nreturn $\"Main scaffolded: floor + portal + XR rig (rigPrefabFound={rigPrefab!=null}, rigName={(rig!=null?rig.name:\\\"null\\\")}).\";","safety_checks":true,"compiler":"auto"},"error":"Compilation failed"}
{"ts":"2026-06-22T16:40:54.188Z","tool":"get_tool_states","type":"resource","status":"SUCCESS","ms":3,"params":{}}
{"ts":"2026-06-22T16:41:24.945Z","tool":"execute_code","type":"tool","status":"SUCCESS","ms":931,"action":"execute","params":{"action":"execute","code":"var active = UnityEditor.SceneManagement.EditorSceneManager.GetActiveScene();\nif (active.path != \"Assets/_Game/Scenes/01_TOSSZONE_Main.unity\")\n    active = UnityEditor.SceneManagement.EditorSceneManager.OpenScene(\"Assets/_Game/Scenes/01_TOSSZONE_Main.unity\", UnityEditor.SceneManagement.OpenSceneMode.Single);\n\nif (UnityEngine.GameObject.Find(\"[Floor]\") != null) return \"Main already scaffolded - skipped.\";\n\nvar defCam = UnityEngine.GameObject.Find(\"Main Camera\");\nif (defCam != null) UnityEngine.Object.DestroyImmediate(defCam);\n\nvar floor = UnityEngine.GameObject.CreatePrimitive(UnityEngine.PrimitiveType.Cube);\nfloor.name = \"[Floor]\"; floor.transform.position = new UnityEngine.Vector3(0,-0.1f,0); floor.transform.localScale = new UnityEngine.Vector3(20f,0.2f,20f); floor.isStatic = true;\n\nvar rigPrefab = UnityEditor.AssetDatabase.LoadAssetAtPath<UnityEngine.GameObject>(\"Assets/AutoHand/Examples/Scenes/XR/Prefabs/XRPlayer.prefab\");\nUnityEngine.GameObject rig = null;\nif (rigPrefab != null) { rig = (UnityEngine.GameObject)UnityEditor.PrefabUtility.InstantiatePrefab(rigPrefab, active); rig.transform.position = UnityEngine.Vector3.zero; }\n\nvar portal = UnityEngine.GameObject.CreatePrimitive(UnityEngine.PrimitiveType.Cylinder);\nportal.name = \"[ArenaPortal]\"; portal.transform.position = new UnityEngine.Vector3(0,1.4f,7f);\nportal.transform.rotation = UnityEngine.Quaternion.Euler(90f,0,0); portal.transform.localScale = new UnityEngine.Vector3(2.6f,0.12f,2.6f);\nvar mat = new UnityEngine.Material(UnityEngine.Shader.Find(\"Universal Render Pipeline/Lit\"));\nmat.color = new UnityEngine.Color(0.2f,0.9f,1f,1f); mat.EnableKeyword(\"_EMISSION\"); mat.SetColor(\"_EmissionColor\", new UnityEngine.Color(0.2f,0.9f,1f)*2f);\nportal.GetComponent<UnityEngine.Renderer>().sharedMaterial = mat;\nvar pcol = portal.GetComponent<UnityEngine.Collider>(); if (pcol != null) pcol.isTrigger = true;\n\nUnityEditor.SceneManagement.EditorSceneManager.MarkSceneDirty(active);\nUnityEditor.SceneManagement.EditorSceneManager.SaveScene(active);\nstring rigName = rig != null ? rig.name : \"none\";\nreturn \"Main scaffolded: floor + portal + XR rig. rigPrefabFound=\" + (rigPrefab != null) + \", rig=\" + rigName;","safety_checks":true,"compiler":"auto"}}
{"ts":"2026-06-22T16:41:25.018Z","tool":"get_tool_states","type":"resource","status":"SUCCESS","ms":3,"params":{}}
{"ts":"2026-06-22T16:41:34.303Z","tool":"get_editor_state","type":"resource","status":"SUCCESS","ms":0,"params":{}}
{"ts":"2026-06-22T16:41:34.409Z","tool":"get_project_info","type":"resource","status":"SUCCESS","ms":0,"params":{}}
{"ts":"2026-06-22T16:41:34.418Z","tool":"get_tool_states","type":"resource","status":"SUCCESS","ms":3,"params":{}}
{"ts":"2026-06-22T16:41:34.575Z","tool":"refresh_unity","type":"tool","status":"SUCCESS","ms":59,"params":{"mode":"if_dirty","scope":"all","compile":"request","wait_for_ready":true}}
{"ts":"2026-06-22T16:41:34.597Z","tool":"get_editor_state","type":"resource","status":"SUCCESS","ms":0,"params":{}}
{"ts":"2026-06-22T16:41:35.227Z","tool":"get_project_info","type":"resource","status":"SUCCESS","ms":0,"params":{}}
{"ts":"2026-06-22T16:41:44.163Z","event":"session_start","unity":"6000.3.10f1"}
{"ts":"2026-06-22T16:41:44.157Z","tool":"get_editor_state","type":"resource","status":"SUCCESS","ms":3,"params":{}}
{"ts":"2026-06-22T16:41:45.516Z","tool":"get_project_info","type":"resource","status":"SUCCESS","ms":1,"params":{}}
{"ts":"2026-06-22T16:41:45.587Z","tool":"get_tool_states","type":"resource","status":"SUCCESS","ms":7,"params":{}}
{"ts":"2026-06-22T16:41:45.671Z","tool":"manage_scene","type":"tool","status":"SUCCESS","ms":13,"action":"get_hierarchy","params":{"action":"get_hierarchy","maxDepth":1,"includeTransform":false}}
{"ts":"2026-06-22T16:41:45.702Z","tool":"get_tool_states","type":"resource","status":"SUCCESS","ms":3,"params":{}}
{"ts":"2026-06-22T16:41:46.582Z","tool":"read_console","type":"tool","status":"SUCCESS","ms":8,"action":"get","params":{"action":"get","types":["error"],"count":20,"format":"plain","includeStacktrace":false}}
{"ts":"2026-06-22T16:42:25.189Z","tool":"read_console","type":"tool","status":"SUCCESS","ms":0,"action":"clear","params":{"action":"clear","types":["error","warning","log"],"count":null,"format":"plain","includeStacktrace":false}}
{"ts":"2026-06-22T16:42:25.298Z","tool":"get_tool_states","type":"resource","status":"SUCCESS","ms":3,"params":{}}
{"ts":"2026-06-22T16:42:30.835Z","tool":"manage_editor","type":"tool","status":"SUCCESS","ms":24,"action":"play","params":{"action":"play"}}
{"ts":"2026-06-22T16:42:42.390Z","event":"session_start","unity":"6000.3.10f1"}
{"ts":"2026-06-22T16:42:42.385Z","tool":"get_tool_states","type":"resource","status":"SUCCESS","ms":6,"params":{}}
{"ts":"2026-06-22T16:42:42.400Z","tool":"get_tool_states","type":"resource","status":"SUCCESS","ms":3,"params":{}}
{"ts":"2026-06-22T16:42:42.404Z","tool":"get_tool_states","type":"resource","status":"SUCCESS","ms":3,"params":{}}
{"ts":"2026-06-22T16:42:43.599Z","tool":"get_editor_state","type":"resource","status":"SUCCESS","ms":3,"params":{}}
{"ts":"2026-06-22T16:42:43.613Z","tool":"get_project_info","type":"resource","status":"SUCCESS","ms":1,"params":{}}
{"ts":"2026-06-22T16:42:43.626Z","tool":"get_tool_states","type":"resource","status":"SUCCESS","ms":3,"params":{}}
{"ts":"2026-06-22T16:42:53.613Z","tool":"read_console","type":"tool","status":"SUCCESS","ms":7,"action":"get","params":{"action":"get","types":["error"],"count":30,"format":"plain","includeStacktrace":false}}
{"ts":"2026-06-22T16:42:53.627Z","tool":"get_tool_states","type":"resource","status":"SUCCESS","ms":3,"params":{}}
{"ts":"2026-06-22T16:43:11.889Z","tool":"manage_editor","type":"tool","status":"SUCCESS","ms":7,"action":"stop","params":{"action":"stop"}}
{"ts":"2026-06-22T16:43:12.920Z","tool":"get_tool_states","type":"resource","status":"SUCCESS","ms":3,"params":{}}
{"ts":"2026-06-22T16:44:48.928Z","tool":"refresh_unity","type":"tool","status":"SUCCESS","ms":5,"params":{"mode":"force","scope":"scripts","compile":"request","wait_for_ready":true}}
{"ts":"2026-06-22T16:44:49.505Z","tool":"get_editor_state","type":"resource","status":"SUCCESS","ms":0,"params":{}}
{"ts":"2026-06-22T16:44:58.059Z","event":"session_start","unity":"6000.3.10f1"}
{"ts":"2026-06-22T16:44:58.052Z","tool":"get_project_info","type":"resource","status":"SUCCESS","ms":1,"params":{}}
{"ts":"2026-06-22T16:44:59.460Z","tool":"get_tool_states","type":"resource","status":"SUCCESS","ms":9,"params":{}}
{"ts":"2026-06-22T16:44:59.462Z","tool":"get_project_info","type":"resource","status":"SUCCESS","ms":0,"params":{}}
{"ts":"2026-06-22T16:44:59.499Z","tool":"get_project_info","type":"resource","status":"SUCCESS","ms":0,"params":{}}
{"ts":"2026-06-22T16:45:02.544Z","tool":"get_project_info","type":"resource","status":"SUCCESS","ms":0,"params":{}}
{"ts":"2026-06-22T16:45:02.651Z","tool":"get_tool_states","type":"resource","status":"SUCCESS","ms":3,"params":{}}
{"ts":"2026-06-22T16:45:02.969Z","tool":"get_editor_state","type":"resource","status":"SUCCESS","ms":4,"params":{}}
{"ts":"2026-06-22T16:45:02.975Z","tool":"get_project_info","type":"resource","status":"SUCCESS","ms":0,"params":{}}
{"ts":"2026-06-22T16:45:09.198Z","tool":"get_editor_state","type":"resource","status":"SUCCESS","ms":0,"params":{}}
{"ts":"2026-06-22T16:45:09.299Z","tool":"get_project_info","type":"resource","status":"SUCCESS","ms":0,"params":{}}
{"ts":"2026-06-22T16:45:09.311Z","tool":"get_tool_states","type":"resource","status":"SUCCESS","ms":3,"params":{}}
{"ts":"2026-06-22T16:45:16.072Z","tool":"read_console","type":"tool","status":"SUCCESS","ms":7,"action":"get","params":{"action":"get","types":["error"],"count":40,"filterText":"error CS","format":"plain","includeStacktrace":false}}
{"ts":"2026-06-22T16:45:16.183Z","tool":"get_tool_states","type":"resource","status":"SUCCESS","ms":4,"params":{}}
